This is pdfTeX, Version 3.14159265-2.6-1.40.20 (TeX Live 2019/Debian) (preloaded format=pdflatex 2022.10.4)  12 OCT 2022 16:07
entering extended mode
 restricted \write18 enabled.
 %&-line parsing enabled.
**practica1.tex
(./practica1.tex
LaTeX2e <2020-02-02> patch level 2
L3 programming layer <2020-02-14>
(/usr/share/texlive/texmf-dist/tex/latex/base/report.cls
Document Class: report 2019/12/20 v1.4l Standard LaTeX document class
(/usr/share/texlive/texmf-dist/tex/latex/base/size12.clo
File: size12.clo 2019/12/20 v1.4l Standard LaTeX file (size option)
)
\c@part=\count167
\c@chapter=\count168
\c@section=\count169
\c@subsection=\count170
\c@subsubsection=\count171
\c@paragraph=\count172
\c@subparagraph=\count173
\c@figure=\count174
\c@table=\count175
\abovecaptionskip=\skip47
\belowcaptionskip=\skip48
\bibindent=\dimen134
)
(/usr/share/texlive/texmf-dist/tex/latex/graphics/graphicx.sty
Package: graphicx 2019/11/30 v1.2a Enhanced LaTeX Graphics (DPC,SPQR)

(/usr/share/texlive/texmf-dist/tex/latex/graphics/keyval.sty
Package: keyval 2014/10/28 v1.15 key=value parser (DPC)
\KV@toks@=\toks14
)
(/usr/share/texlive/texmf-dist/tex/latex/graphics/graphics.sty
Package: graphics 2019/11/30 v1.4a Standard LaTeX Graphics (DPC,SPQR)

(/usr/share/texlive/texmf-dist/tex/latex/graphics/trig.sty
Package: trig 2016/01/03 v1.10 sin cos tan (DPC)
)
(/usr/share/texlive/texmf-dist/tex/latex/graphics-cfg/graphics.cfg
File: graphics.cfg 2016/06/04 v1.11 sample graphics configuration
)
Package graphics Info: Driver file: pdftex.def on input line 105.

(/usr/share/texlive/texmf-dist/tex/latex/graphics-def/pdftex.def
File: pdftex.def 2018/01/08 v1.0l Graphics/color driver for pdftex
))
\Gin@req@height=\dimen135
\Gin@req@width=\dimen136
)
(/usr/share/texlive/texmf-dist/tex/latex/enumitem/enumitem.sty
Package: enumitem 2019/06/20 v3.9 Customized lists
\labelindent=\skip49
\enit@outerparindent=\dimen137
\enit@toks=\toks15
\enit@inbox=\box45
\enit@count@id=\count176
\enitdp@description=\count177
)
(/usr/share/texlive/texmf-dist/tex/latex/geometry/geometry.sty
Package: geometry 2020/01/02 v5.9 Page Geometry

(/usr/share/texlive/texmf-dist/tex/generic/iftex/ifvtex.sty
Package: ifvtex 2019/10/25 v1.7 ifvtex legacy package. Use iftex instead.

(/usr/share/texlive/texmf-dist/tex/generic/iftex/iftex.sty
Package: iftex 2019/11/07 v1.0c TeX engine tests
))
\Gm@cnth=\count178
\Gm@cntv=\count179
\c@Gm@tempcnt=\count180
\Gm@bindingoffset=\dimen138
\Gm@wd@mp=\dimen139
\Gm@odd@mp=\dimen140
\Gm@even@mp=\dimen141
\Gm@layoutwidth=\dimen142
\Gm@layoutheight=\dimen143
\Gm@layouthoffset=\dimen144
\Gm@layoutvoffset=\dimen145
\Gm@dimlist=\toks16
)
(/usr/share/texlive/texmf-dist/tex/latex/adjustbox/adjustbox.sty
Package: adjustbox 2019/01/04 v1.2 Adjusting TeX boxes (trim, clip, ...)

(/usr/share/texlive/texmf-dist/tex/latex/xkeyval/xkeyval.sty
Package: xkeyval 2014/12/03 v2.7a package option processing (HA)

(/usr/share/texlive/texmf-dist/tex/generic/xkeyval/xkeyval.tex
(/usr/share/texlive/texmf-dist/tex/generic/xkeyval/xkvutils.tex
\XKV@toks=\toks17
\XKV@tempa@toks=\toks18
)
\XKV@depth=\count181
File: xkeyval.tex 2014/12/03 v2.7a key=value parser (HA)
))
(/usr/share/texlive/texmf-dist/tex/latex/adjustbox/adjcalc.sty
Package: adjcalc 2012/05/16 v1.1 Provides advanced setlength with multiple back
-ends (calc, etex, pgfmath)
)
(/usr/share/texlive/texmf-dist/tex/latex/adjustbox/trimclip.sty
Package: trimclip 2018/04/08 v1.1 Trim and clip general TeX material

(/usr/share/texlive/texmf-dist/tex/latex/collectbox/collectbox.sty
Package: collectbox 2012/05/17 v0.4b Collect macro arguments as boxes
\collectedbox=\box46
)
\tc@llx=\dimen146
\tc@lly=\dimen147
\tc@urx=\dimen148
\tc@ury=\dimen149
Package trimclip Info: Using driver 'tc-pdftex.def'.

(/usr/share/texlive/texmf-dist/tex/latex/adjustbox/tc-pdftex.def
File: tc-pdftex.def 2019/01/04 v2.2 Clipping driver for pdftex
))
\adjbox@Width=\dimen150
\adjbox@Height=\dimen151
\adjbox@Depth=\dimen152
\adjbox@Totalheight=\dimen153
\adjbox@pwidth=\dimen154
\adjbox@pheight=\dimen155
\adjbox@pdepth=\dimen156
\adjbox@ptotalheight=\dimen157

(/usr/share/texlive/texmf-dist/tex/latex/ifoddpage/ifoddpage.sty
Package: ifoddpage 2016/04/23 v1.1 Conditionals for odd/even page detection
\c@checkoddpage=\count182
)
(/usr/share/texlive/texmf-dist/tex/latex/varwidth/varwidth.sty
Package: varwidth 2009/03/30 ver 0.92;  Variable-width minipages
\@vwid@box=\box47
\sift@deathcycles=\count183
\@vwid@loff=\dimen158
\@vwid@roff=\dimen159
))
(/usr/share/texlive/texmf-dist/tex/latex/titlesec/titlesec.sty
Package: titlesec 2019/10/16 v2.13 Sectioning titles
\ttl@box=\box48
\beforetitleunit=\skip50
\aftertitleunit=\skip51
\ttl@plus=\dimen160
\ttl@minus=\dimen161
\ttl@toksa=\toks19
\titlewidth=\dimen162
\titlewidthlast=\dimen163
\titlewidthfirst=\dimen164
)
(/usr/share/texlive/texmf-dist/tex/latex/l3backend/l3backend-pdfmode.def
File: l3backend-pdfmode.def 2020-02-03 L3 backend support: PDF mode
\l__kernel_color_stack_int=\count184
\l__pdf_internal_box=\box49
)
(./practica1.aux)
\openout1 = `practica1.aux'.

LaTeX Font Info:    Checking defaults for OML/cmm/m/it on input line 13.
LaTeX Font Info:    ... okay on input line 13.
LaTeX Font Info:    Checking defaults for OMS/cmsy/m/n on input line 13.
LaTeX Font Info:    ... okay on input line 13.
LaTeX Font Info:    Checking defaults for OT1/cmr/m/n on input line 13.
LaTeX Font Info:    ... okay on input line 13.
LaTeX Font Info:    Checking defaults for T1/cmr/m/n on input line 13.
LaTeX Font Info:    ... okay on input line 13.
LaTeX Font Info:    Checking defaults for TS1/cmr/m/n on input line 13.
LaTeX Font Info:    ... okay on input line 13.
LaTeX Font Info:    Checking defaults for OMX/cmex/m/n on input line 13.
LaTeX Font Info:    ... okay on input line 13.
LaTeX Font Info:    Checking defaults for U/cmr/m/n on input line 13.
LaTeX Font Info:    ... okay on input line 13.

(/usr/share/texlive/texmf-dist/tex/context/base/mkii/supp-pdf.mkii
[Loading MPS to PDF converter (version 2006.09.02).]
\scratchcounter=\count185
\scratchdimen=\dimen165
\scratchbox=\box50
\nofMPsegments=\count186
\nofMParguments=\count187
\everyMPshowfont=\toks20
\MPscratchCnt=\count188
\MPscratchDim=\dimen166
\MPnumerator=\count189
\makeMPintoPDFobject=\count190
\everyMPtoPDFconversion=\toks21
) (/usr/share/texlive/texmf-dist/tex/latex/epstopdf-pkg/epstopdf-base.sty
Package: epstopdf-base 2020-01-24 v2.11 Base part for package epstopdf
Package epstopdf-base Info: Redefining graphics rule for `.eps' on input line 4
85.

(/usr/share/texlive/texmf-dist/tex/latex/latexconfig/epstopdf-sys.cfg
File: epstopdf-sys.cfg 2010/07/13 v1.3 Configuration of (r)epstopdf for TeX Liv
e
))
*geometry* driver: auto-detecting
*geometry* detected driver: pdftex
*geometry* verbose mode - [ preamble ] result:
* driver: pdftex
* paper: a4paper
* layout: <same size as paper>
* layoutoffset:(h,v)=(0.0pt,0.0pt)
* modes: 
* h-part:(L,W,R)=(85.35826pt, 422.52252pt, 89.62709pt)
* v-part:(T,H,B)=(101.40665pt, 591.5302pt, 152.11pt)
* \paperwidth=597.50787pt
* \paperheight=845.04684pt
* \textwidth=422.52252pt
* \textheight=591.5302pt
* \oddsidemargin=13.08827pt
* \evensidemargin=13.08827pt
* \topmargin=-7.86334pt
* \headheight=12.0pt
* \headsep=25.0pt
* \topskip=12.0pt
* \footskip=30.0pt
* \marginparwidth=35.0pt
* \marginparsep=10.0pt
* \columnsep=10.0pt
* \skip\footins=10.8pt plus 4.0pt minus 2.0pt
* \hoffset=0.0pt
* \voffset=0.0pt
* \mag=1000
* \@twocolumnfalse
* \@twosidefalse
* \@mparswitchfalse
* \@reversemarginfalse
* (1in=72.27pt=25.4mm, 1cm=28.453pt)

<images/logo.jpg, id=1, 632.3625pt x 321.2pt>
File: images/logo.jpg Graphic file (type jpg)
<use images/logo.jpg>
Package pdftex.def Info: images/logo.jpg  used on input line 16.
(pdftex.def)             Requested size: 126.75804pt x 64.38098pt.
[1

{/var/lib/texmf/fonts/map/pdftex/updmap/pdftex.map} <./images/logo.jpg>]
(./practica1.toc
LaTeX Font Info:    External font `cmex10' loaded for size
(Font)              <12> on input line 2.
LaTeX Font Info:    External font `cmex10' loaded for size
(Font)              <8> on input line 2.
LaTeX Font Info:    External font `cmex10' loaded for size
(Font)              <6> on input line 2.
)
\tf@toc=\write3
\openout3 = `practica1.toc'.

 [1

]
Chapter 1.
<images/enunciado1.png, id=15, 947.54pt x 144.54pt>
File: images/enunciado1.png Graphic file (type png)
<use images/enunciado1.png>
Package pdftex.def Info: images/enunciado1.png  used on input line 43.
(pdftex.def)             Requested size: 473.76883pt x 72.2698pt.
[2

 <./images/enunciado1.png>]
<images/enunciado2.png, id=24, 817.0525pt x 221.82875pt>
File: images/enunciado2.png Graphic file (type png)
<use images/enunciado2.png>
Package pdftex.def Info: images/enunciado2.png  used on input line 76.
(pdftex.def)             Requested size: 408.52525pt x 110.9141pt.
 [3 <./images/enunciado2.png>] [4] [5] [6]
Chapter 2.
<images/enunciado3.png, id=41, 439.6425pt x 381.425pt>
File: images/enunciado3.png Graphic file (type png)
<use images/enunciado3.png>
Package pdftex.def Info: images/enunciado3.png  used on input line 162.
(pdftex.def)             Requested size: 219.82071pt x 190.71202pt.

Underfull \hbox (badness 10000) in paragraph at lines 162--164

 []

[7

 <./images/enunciado3.png>] [8]
Chapter 3.

Overfull \hbox (25.76329pt too wide) in paragraph at lines 202--202
|[]\OT1/cmr/bx/n/24.88 Dispositivos de in-ter-conexi^^Son: hub
 []

<images/enunciado4.png, id=51, 797.98125pt x 456.70625pt>
File: images/enunciado4.png Graphic file (type png)
<use images/enunciado4.png>
Package pdftex.def Info: images/enunciado4.png  used on input line 205.
(pdftex.def)             Requested size: 398.98964pt x 228.35255pt.
[9

 <./images/enunciado4.png>]
<images/screenshot1.png, id=58, 559.08875pt x 159.59625pt>
File: images/screenshot1.png Graphic file (type png)
<use images/screenshot1.png>
Package pdftex.def Info: images/screenshot1.png  used on input line 224.
(pdftex.def)             Requested size: 279.54369pt x 79.79791pt.
 [10 <./images/screenshot1.png>]
<images/screenshot2.png, id=65, 559.08875pt x 215.80624pt>
File: images/screenshot2.png Graphic file (type png)
<use images/screenshot2.png>
Package pdftex.def Info: images/screenshot2.png  used on input line 246.
(pdftex.def)             Requested size: 279.54369pt x 107.90285pt.
 [11 <./images/screenshot2.png>]
<images/enunciado5.png, id=72, 448.67625pt x 473.77pt>
File: images/enunciado5.png Graphic file (type png)
<use images/enunciado5.png>
Package pdftex.def Info: images/enunciado5.png  used on input line 298.
(pdftex.def)             Requested size: 224.33757pt x 236.88441pt.
 [12]
<images/screenshot3.png, id=78, 565.11125pt x 198.7425pt>
File: images/screenshot3.png Graphic file (type png)
<use images/screenshot3.png>
Package pdftex.def Info: images/screenshot3.png  used on input line 303.
(pdftex.def)             Requested size: 282.55493pt x 99.371pt.
<images/screenshot4.png, id=80, 569.12625pt x 126.4725pt>
File: images/screenshot4.png Graphic file (type png)
<use images/screenshot4.png>
Package pdftex.def Info: images/screenshot4.png  used on input line 307.
(pdftex.def)             Requested size: 284.56242pt x 63.23608pt.
 [13 <./images/enunciado5.png> <./images/screenshot3.png>]
<images/screenshot5.png, id=89, 561.09625pt x 97.36375pt>
File: images/screenshot5.png Graphic file (type png)
<use images/screenshot5.png>
Package pdftex.def Info: images/screenshot5.png  used on input line 317.
(pdftex.def)             Requested size: 280.54744pt x 48.68175pt.

[14 <./images/screenshot4.png> <./images/screenshot5.png>] (./practica1.aux) ) 
Here is how much of TeX's memory you used:
 3407 strings out of 483183
 51923 string characters out of 5966292
 294266 words of memory out of 5000000
 18401 multiletter control sequences out of 15000+600000
 538834 words of font info for 45 fonts, out of 8000000 for 9000
 14 hyphenation exceptions out of 8191
 31i,7n,36p,367b,337s stack positions out of 5000i,500n,10000p,200000b,80000s
 
</home/javier/.texlive2019/texmf-var/fonts/pk/ljfour/jknappen/ec/tcrm1200.600pk
></usr/share/texlive/texmf-dist/fonts/type1/public/amsfonts/cm/cmbx12.pfb></usr
/share/texlive/texmf-dist/fonts/type1/public/amsfonts/cm/cmcsc10.pfb></usr/shar
e/texlive/texmf-dist/fonts/type1/public/amsfonts/cm/cmr12.pfb></usr/share/texli
ve/texmf-dist/fonts/type1/public/amsfonts/cm/cmr17.pfb></usr/share/texlive/texm
f-dist/fonts/type1/public/amsfonts/cm/cmti12.pfb>
Output written on practica1.pdf (15 pages, 426080 bytes).
PDF statistics:
 120 PDF objects out of 1000 (max. 8388607)
 65 compressed objects within 1 object stream
 0 named destinations out of 1000 (max. 500000)
 116 words of extra memory for PDF output out of 10000 (max. 10000000)

